<?xml version="1.0" encoding="UTF-8"?>
<!-- Generated by org.testng.reporters.JUnitXMLReporter -->
<testsuite ignored="0" hostname="Woovlys-MacBook-Air-3.local" failures="0" tests="10" name="Test" time="0.018" errors="0" timestamp="2022-03-03T18:19:26 IST">
  <testcase classname="qaclickacademy.Appium" name="Android" time="0.004"/>
  <testcase classname="qaclickacademy.Appium" name="Ios" time="0.0"/>
  <testcase classname="qaclickacademy.Appium" name="Mobile" time="0.0"/>
  <testcase classname="qaclickacademy.Appium" name="Web" time="0.0"/>
  <testcase classname="qaclickacademy.Selenium" name="Brave" time="0.0"/>
  <testcase classname="qaclickacademy.Selenium" name="Chrome" time="0.0"/>
  <testcase classname="qaclickacademy.Selenium" name="Explorer" time="0.0"/>
  <testcase classname="qaclickacademy.Selenium" name="FireFox" time="0.0"/>
  <testcase classname="qaclickacademy.RestApi" name="Get" time="0.0"/>
  <testcase classname="qaclickacademy.RestApi" name="Post" time="0.0"/>
</testsuite> <!-- Test -->
