<?xml version="1.0" encoding="UTF-8"?>
<testsuite xmlns:xsi="http://www.w3.org/2001/XMLSchema-instance" xsi:noNamespaceSchemaLocation="https://maven.apache.org/surefire/maven-surefire-plugin/xsd/surefire-test-report-3.0.xsd" version="3.0" name="TestSuite" time="0.411" tests="10" errors="0" skipped="0" failures="0">
  <properties>
[...]
</properties>
  <testcase name="Android" classname="qaclickacademy.Appium" time="0.003">
    <system-out><![CDATA[Appium - Android
]]></system-out>
    <system-err><![CDATA[SLF4J: Failed to load class "org.slf4j.impl.StaticLoggerBinder".
SLF4J: Defaulting to no-operation (NOP) logger implementation
SLF4J: See http://www.slf4j.org/codes.html#StaticLoggerBinder for further details.
]]></system-err>
  </testcase>
  <testcase name="Ios" classname="qaclickacademy.Appium" time="0">
    <system-out><![CDATA[Appium - Ios
]]></system-out>
  </testcase>
  <testcase name="Mobile" classname="qaclickacademy.Appium" time="0">
    <system-out><![CDATA[Appium - Mobile
]]></system-out>
  </testcase>
  <testcase name="Web" classname="qaclickacademy.Appium" time="0">
    <system-out><![CDATA[Appium - Web
]]></system-out>
  </testcase>
  <testcase name="Brave" classname="qaclickacademy.Selenium" time="0">
    <system-out><![CDATA[Selenium - Brave
]]></system-out>
  </testcase>
  <testcase name="Chrome" classname="qaclickacademy.Selenium" time="0">
    <system-out><![CDATA[Selenium - Chrome
]]></system-out>
  </testcase>
  <testcase name="Explorer" classname="qaclickacademy.Selenium" time="0">
    <system-out><![CDATA[Selenium - Explorer
]]></system-out>
  </testcase>
  <testcase name="FireFox" classname="qaclickacademy.Selenium" time="0.001">
    <system-out><![CDATA[Selenium - FireFox
]]></system-out>
  </testcase>
  <testcase name="Get" classname="qaclickacademy.RestApi" time="0">
    <system-out><![CDATA[RestApi - Get
]]></system-out>
  </testcase>
  <testcase name="Post" classname="qaclickacademy.RestApi" time="0">
    <system-out><![CDATA[RestApi - Post
]]></system-out>
  </testcase>
</testsuite>